-------------------------------------------------------------------------------
Test set: com.example.demo.menu.MenuTest
-------------------------------------------------------------------------------
Tests run: 1, Failures: 1, Errors: 0, Skipped: 0, Time elapsed: 0.001 s <<< FAILURE! - in com.example.demo.menu.MenuTest
test  Time elapsed: 0.001 s  <<< FAILURE!
org.opentest4j.AssertionFailedError: Not yet implemented
	at com.example.demo.menu.MenuTest.test(MenuTest.java:11)

